# JRE version: Java(TM) SE Runtime Environment (8.0_121-b13) (build 1.8.0_121-b13)
# Java VM: Java HotSpot(TM) 64-Bit Server VM (25.121-b13 mixed mode windows-amd64 compressed oops)
Heap:
 PSYoungGen      total 520192K, used 23490K [0x0000000780780000, 0x00000007a1c00000, 0x00000007c0000000)
  eden space 505856K, 1% used [0x0000000780780000,0x0000000781074248,0x000000079f580000)
  from space 14336K, 99% used [0x00000007a0700000,0x00000007a14fc6e8,0x00000007a1500000)
  to   space 17920K, 0% used [0x000000079f580000,0x000000079f580000,0x00000007a0700000)
 ParOldGen       total 212480K, used 95538K [0x0000000701600000, 0x000000070e580000, 0x0000000780780000)
  object space 212480K, 44% used [0x0000000701600000,0x000000070734c990,0x000000070e580000)
 Metaspace       used 52525K, capacity 53214K, committed 53504K, reserved 1095680K
  class space    used 6942K, capacity 7087K, committed 7168K, reserved 1048576K
GC Heap History (10 events):
Event: 14.767 GC heap before
{Heap before GC invocations=15 (full 2):
 PSYoungGen      total 520192K, used 520191K [0x0000000780780000, 0x00000007a1c00000, 0x00000007c0000000)
  eden space 505856K, 100% used [0x0000000780780000,0x000000079f580000,0x000000079f580000)
  from space 14336K, 99% used [0x00000007a0700000,0x00000007a14ffce0,0x00000007a1500000)
  to   space 17920K, 0% used [0x000000079f580000,0x000000079f580000,0x00000007a0700000)
 ParOldGen       total 118784K, used 41901K [0x0000000701600000, 0x0000000708a00000, 0x0000000780780000)
  object space 118784K, 35% used [0x0000000701600000,0x0000000703eeb4b8,0x0000000708a00000)
 Metaspace       used 42045K, capacity 42680K, committed 43008K, reserved 1087488K
  class space    used 5473K, capacity 5614K, committed 5632K, reserved 1048576K
Event: 14.788 GC heap after
Heap after GC invocations=15 (full 2):
 PSYoungGen      total 523776K, used 17914K [0x0000000780780000, 0x00000007a1c00000, 0x00000007c0000000)
  eden space 505856K, 0% used [0x0000000780780000,0x0000000780780000,0x000000079f580000)
  from space 17920K, 99% used [0x000000079f580000,0x00000007a06fea08,0x00000007a0700000)
  to   space 14336K, 0% used [0x00000007a0700000,0x00000007a0700000,0x00000007a1500000)
 ParOldGen       total 118784K, used 57099K [0x0000000701600000, 0x0000000708a00000, 0x0000000780780000)
  object space 118784K, 48% used [0x0000000701600000,0x0000000704dc2d20,0x0000000708a00000)
 Metaspace       used 42045K, capacity 42680K, committed 43008K, reserved 1087488K
  class space    used 5473K, capacity 5614K, committed 5632K, reserved 1048576K
}
Event: 16.901 GC heap before
{Heap before GC invocations=16 (full 2):
 PSYoungGen      total 523776K, used 523770K [0x0000000780780000, 0x00000007a1c00000, 0x00000007c0000000)
  eden space 505856K, 100% used [0x0000000780780000,0x000000079f580000,0x000000079f580000)
  from space 17920K, 99% used [0x000000079f580000,0x00000007a06fea08,0x00000007a0700000)
  to   space 14336K, 0% used [0x00000007a0700000,0x00000007a0700000,0x00000007a1500000)
 ParOldGen       total 118784K, used 57100K [0x0000000701600000, 0x0000000708a00000, 0x0000000780780000)
  object space 118784K, 48% used [0x0000000701600000,0x0000000704dc3028,0x0000000708a00000)
 Metaspace       used 48585K, capacity 49214K, committed 49408K, reserved 1091584K
  class space    used 6420K, capacity 6575K, committed 6656K, reserved 1048576K
Event: 16.938 GC heap after
Heap after GC invocations=16 (full 2):
 PSYoungGen      total 520192K, used 14308K [0x0000000780780000, 0x00000007a1c00000, 0x00000007c0000000)
  eden space 505856K, 0% used [0x0000000780780000,0x0000000780780000,0x000000079f580000)
  from space 14336K, 99% used [0x00000007a0700000,0x00000007a14f9170,0x00000007a1500000)
  to   space 17920K, 0% used [0x000000079f580000,0x000000079f580000,0x00000007a0700000)
 ParOldGen       total 118784K, used 100537K [0x0000000701600000, 0x0000000708a00000, 0x0000000780780000)
  object space 118784K, 84% used [0x0000000701600000,0x000000070782e518,0x0000000708a00000)
 Metaspace       used 48585K, capacity 49214K, committed 49408K, reserved 1091584K
  class space    used 6420K, capacity 6575K, committed 6656K, reserved 1048576K
}
Event: 16.938 GC heap before
{Heap before GC invocations=17 (full 3):
 PSYoungGen      total 520192K, used 14308K [0x0000000780780000, 0x00000007a1c00000, 0x00000007c0000000)
  eden space 505856K, 0% used [0x0000000780780000,0x0000000780780000,0x000000079f580000)
  from space 14336K, 99% used [0x00000007a0700000,0x00000007a14f9170,0x00000007a1500000)
  to   space 17920K, 0% used [0x000000079f580000,0x000000079f580000,0x00000007a0700000)
 ParOldGen       total 118784K, used 100537K [0x0000000701600000, 0x0000000708a00000, 0x0000000780780000)
  object space 118784K, 84% used [0x0000000701600000,0x000000070782e518,0x0000000708a00000)
 Metaspace       used 48585K, capacity 49214K, committed 49408K, reserved 1091584K
  class space    used 6420K, capacity 6575K, committed 6656K, reserved 1048576K
Event: 17.219 GC heap after
Heap after GC invocations=17 (full 3):
 PSYoungGen      total 520192K, used 0K [0x0000000780780000, 0x00000007a1c00000, 0x00000007c0000000)
  eden space 505856K, 0% used [0x0000000780780000,0x0000000780780000,0x000000079f580000)
  from space 14336K, 0% used [0x00000007a0700000,0x00000007a0700000,0x00000007a1500000)
  to   space 17920K, 0% used [0x000000079f580000,0x000000079f580000,0x00000007a0700000)
 ParOldGen       total 212480K, used 83416K [0x0000000701600000, 0x000000070e580000, 0x0000000780780000)
  object space 212480K, 39% used [0x0000000701600000,0x00000007067761e8,0x000000070e580000)
 Metaspace       used 48585K, capacity 49214K, committed 49408K, reserved 1091584K
  class space    used 6420K, capacity 6575K, committed 6656K, reserved 1048576K
}
Event: 18.995 GC heap before
{Heap before GC invocations=18 (full 3):
 PSYoungGen      total 520192K, used 505856K [0x0000000780780000, 0x00000007a1c00000, 0x00000007c0000000)
  eden space 505856K, 100% used [0x0000000780780000,0x000000079f580000,0x000000079f580000)
  from space 14336K, 0% used [0x00000007a0700000,0x00000007a0700000,0x00000007a1500000)
  to   space 17920K, 0% used [0x000000079f580000,0x000000079f580000,0x00000007a0700000)
 ParOldGen       total 212480K, used 83421K [0x0000000701600000, 0x000000070e580000, 0x0000000780780000)
  object space 212480K, 39% used [0x0000000701600000,0x0000000706777648,0x000000070e580000)
 Metaspace       used 50925K, capacity 51630K, committed 51712K, reserved 1093632K
  class space    used 6746K, capacity 6887K, committed 6912K, reserved 1048576K
Event: 19.003 GC heap after
Heap after GC invocations=18 (full 3):
 PSYoungGen      total 523776K, used 14398K [0x0000000780780000, 0x00000007a1c00000, 0x00000007c0000000)
  eden space 505856K, 0% used [0x0000000780780000,0x0000000780780000,0x000000079f580000)
  from space 17920K, 80% used [0x000000079f580000,0x00000007a038fb30,0x00000007a0700000)
  to   space 14336K, 0% used [0x00000007a0700000,0x00000007a0700000,0x00000007a1500000)
 ParOldGen       total 212480K, used 83429K [0x0000000701600000, 0x000000070e580000, 0x0000000780780000)
  object space 212480K, 39% used [0x0000000701600000,0x0000000706779648,0x000000070e580000)
 Metaspace       used 50925K, capacity 51630K, committed 51712K, reserved 1093632K
  class space    used 6746K, capacity 6887K, committed 6912K, reserved 1048576K
}
Event: 20.846 GC heap before
{Heap before GC invocations=19 (full 3):
 PSYoungGen      total 523776K, used 520254K [0x0000000780780000, 0x00000007a1c00000, 0x00000007c0000000)
  eden space 505856K, 100% used [0x0000000780780000,0x000000079f580000,0x000000079f580000)
  from space 17920K, 80% used [0x000000079f580000,0x00000007a038fb30,0x00000007a0700000)
  to   space 14336K, 0% used [0x00000007a0700000,0x00000007a0700000,0x00000007a1500000)
 ParOldGen       total 212480K, used 83429K [0x0000000701600000, 0x000000070e580000, 0x0000000780780000)
  object space 212480K, 39% used [0x0000000701600000,0x0000000706779648,0x000000070e580000)
 Metaspace       used 52523K, capacity 53214K, committed 53504K, reserved 1095680K
  class space    used 6941K, capacity 7087K, committed 7168K, reserved 1048576K
Event: 20.857 GC heap after
Heap after GC invocations=19 (full 3):
 PSYoungGen      total 520192K, used 14321K [0x0000000780780000, 0x00000007a1c00000, 0x00000007c0000000)
  eden space 505856K, 0% used [0x0000000780780000,0x0000000780780000,0x000000079f580000)
  from space 14336K, 99% used [0x00000007a0700000,0x00000007a14fc6e8,0x00000007a1500000)
  to   space 17920K, 0% used [0x000000079f580000,0x000000079f580000,0x00000007a0700000)
 ParOldGen       total 212480K, used 95538K [0x0000000701600000, 0x000000070e580000, 0x0000000780780000)
  object space 212480K, 44% used [0x0000000701600000,0x000000070734c990,0x000000070e580000)
 Metaspace       used 52523K, capacity 53214K, committed 53504K, reserved 1095680K
  class space    used 6941K, capacity 7087K, committed 7168K, reserved 1048576K
}

