# JRE version: Java(TM) SE Runtime Environment (8.0_121-b13) (build 1.8.0_121-b13)
# Java VM: Java HotSpot(TM) 64-Bit Server VM (25.121-b13 mixed mode windows-amd64 compressed oops)
Heap:
 PSYoungGen      total 842752K, used 760777K [0x0000000780780000, 0x00000007bb480000, 0x00000007c0000000)
  eden space 820224K, 92% used [0x0000000780780000,0x00000007aee72680,0x00000007b2880000)
  from space 22528K, 0% used [0x00000007b2880000,0x00000007b2880000,0x00000007b3e80000)
  to   space 53248K, 0% used [0x00000007b8080000,0x00000007b8080000,0x00000007bb480000)
 ParOldGen       total 116224K, used 71507K [0x0000000701600000, 0x0000000708780000, 0x0000000780780000)
  object space 116224K, 61% used [0x0000000701600000,0x0000000705bd4f28,0x0000000708780000)
 Metaspace       used 59608K, capacity 60326K, committed 60584K, reserved 1101824K
  class space    used 7843K, capacity 7989K, committed 8104K, reserved 1048576K
GC Heap History (10 events):
Event: 30.367 GC heap before
{Heap before GC invocations=18 (full 3):
 PSYoungGen      total 770048K, used 752128K [0x0000000780780000, 0x00000007b5480000, 0x00000007c0000000)
  eden space 752128K, 100% used [0x0000000780780000,0x00000007ae600000,0x00000007ae600000)
  from space 17920K, 0% used [0x00000007b4300000,0x00000007b4300000,0x00000007b5480000)
  to   space 22528K, 0% used [0x00000007b2880000,0x00000007b2880000,0x00000007b3e80000)
 ParOldGen       total 116224K, used 67345K [0x0000000701600000, 0x0000000708780000, 0x0000000780780000)
  object space 116224K, 57% used [0x0000000701600000,0x00000007057c47b0,0x0000000708780000)
 Metaspace       used 53010K, capacity 53668K, committed 53800K, reserved 1095680K
  class space    used 7018K, capacity 7182K, committed 7208K, reserved 1048576K
Event: 30.383 GC heap after
Heap after GC invocations=18 (full 3):
 PSYoungGen      total 774656K, used 22516K [0x0000000780780000, 0x00000007b5480000, 0x00000007c0000000)
  eden space 752128K, 0% used [0x0000000780780000,0x0000000780780000,0x00000007ae600000)
  from space 22528K, 99% used [0x00000007b2880000,0x00000007b3e7d370,0x00000007b3e80000)
  to   space 17920K, 0% used [0x00000007b4300000,0x00000007b4300000,0x00000007b5480000)
 ParOldGen       total 116224K, used 88376K [0x0000000701600000, 0x0000000708780000, 0x0000000780780000)
  object space 116224K, 76% used [0x0000000701600000,0x0000000706c4e0e0,0x0000000708780000)
 Metaspace       used 53010K, capacity 53668K, committed 53800K, reserved 1095680K
  class space    used 7018K, capacity 7182K, committed 7208K, reserved 1048576K
}
Event: 30.383 GC heap before
{Heap before GC invocations=19 (full 4):
 PSYoungGen      total 774656K, used 22516K [0x0000000780780000, 0x00000007b5480000, 0x00000007c0000000)
  eden space 752128K, 0% used [0x0000000780780000,0x0000000780780000,0x00000007ae600000)
  from space 22528K, 99% used [0x00000007b2880000,0x00000007b3e7d370,0x00000007b3e80000)
  to   space 17920K, 0% used [0x00000007b4300000,0x00000007b4300000,0x00000007b5480000)
 ParOldGen       total 116224K, used 88376K [0x0000000701600000, 0x0000000708780000, 0x0000000780780000)
  object space 116224K, 76% used [0x0000000701600000,0x0000000706c4e0e0,0x0000000708780000)
 Metaspace       used 53010K, capacity 53668K, committed 53800K, reserved 1095680K
  class space    used 7018K, capacity 7182K, committed 7208K, reserved 1048576K
Event: 30.471 GC heap after
Heap after GC invocations=19 (full 4):
 PSYoungGen      total 774656K, used 0K [0x0000000780780000, 0x00000007b5480000, 0x00000007c0000000)
  eden space 752128K, 0% used [0x0000000780780000,0x0000000780780000,0x00000007ae600000)
  from space 22528K, 0% used [0x00000007b2880000,0x00000007b2880000,0x00000007b3e80000)
  to   space 17920K, 0% used [0x00000007b4300000,0x00000007b4300000,0x00000007b5480000)
 ParOldGen       total 116224K, used 75553K [0x0000000701600000, 0x0000000708780000, 0x0000000780780000)
  object space 116224K, 65% used [0x0000000701600000,0x0000000705fc86e0,0x0000000708780000)
 Metaspace       used 53010K, capacity 53668K, committed 53800K, reserved 1095680K
  class space    used 7018K, capacity 7182K, committed 7208K, reserved 1048576K
}
Event: 33.349 GC heap before
{Heap before GC invocations=20 (full 4):
 PSYoungGen      total 774656K, used 752128K [0x0000000780780000, 0x00000007b5480000, 0x00000007c0000000)
  eden space 752128K, 100% used [0x0000000780780000,0x00000007ae600000,0x00000007ae600000)
  from space 22528K, 0% used [0x00000007b2880000,0x00000007b2880000,0x00000007b3e80000)
  to   space 17920K, 0% used [0x00000007b4300000,0x00000007b4300000,0x00000007b5480000)
 ParOldGen       total 116224K, used 75553K [0x0000000701600000, 0x0000000708780000, 0x0000000780780000)
  object space 116224K, 65% used [0x0000000701600000,0x0000000705fc86e0,0x0000000708780000)
 Metaspace       used 53756K, capacity 54374K, committed 54696K, reserved 1097728K
  class space    used 7107K, capacity 7257K, committed 7336K, reserved 1048576K
Event: 33.359 GC heap after
Heap after GC invocations=20 (full 4):
 PSYoungGen      total 770048K, used 17902K [0x0000000780780000, 0x00000007b5480000, 0x00000007c0000000)
  eden space 752128K, 0% used [0x0000000780780000,0x0000000780780000,0x00000007ae600000)
  from space 17920K, 99% used [0x00000007b4300000,0x00000007b547ba68,0x00000007b5480000)
  to   space 22528K, 0% used [0x00000007b2880000,0x00000007b2880000,0x00000007b3e80000)
 ParOldGen       total 116224K, used 77793K [0x0000000701600000, 0x0000000708780000, 0x0000000780780000)
  object space 116224K, 66% used [0x0000000701600000,0x00000007061f8500,0x0000000708780000)
 Metaspace       used 53756K, capacity 54374K, committed 54696K, reserved 1097728K
  class space    used 7107K, capacity 7257K, committed 7336K, reserved 1048576K
}
Event: 35.814 GC heap before
{Heap before GC invocations=21 (full 4):
 PSYoungGen      total 770048K, used 770030K [0x0000000780780000, 0x00000007b5480000, 0x00000007c0000000)
  eden space 752128K, 100% used [0x0000000780780000,0x00000007ae600000,0x00000007ae600000)
  from space 17920K, 99% used [0x00000007b4300000,0x00000007b547ba68,0x00000007b5480000)
  to   space 22528K, 0% used [0x00000007b2880000,0x00000007b2880000,0x00000007b3e80000)
 ParOldGen       total 116224K, used 77793K [0x0000000701600000, 0x0000000708780000, 0x0000000780780000)
  object space 116224K, 66% used [0x0000000701600000,0x00000007061f8500,0x0000000708780000)
 Metaspace       used 54853K, capacity 55558K, committed 55848K, reserved 1097728K
  class space    used 7263K, capacity 7417K, committed 7464K, reserved 1048576K
Event: 35.833 GC heap after
Heap after GC invocations=21 (full 4):
 PSYoungGen      total 842752K, used 22510K [0x0000000780780000, 0x00000007bb480000, 0x00000007c0000000)
  eden space 820224K, 0% used [0x0000000780780000,0x0000000780780000,0x00000007b2880000)
  from space 22528K, 99% used [0x00000007b2880000,0x00000007b3e7ba58,0x00000007b3e80000)
  to   space 53248K, 0% used [0x00000007b8080000,0x00000007b8080000,0x00000007bb480000)
 ParOldGen       total 116224K, used 89649K [0x0000000701600000, 0x0000000708780000, 0x0000000780780000)
  object space 116224K, 77% used [0x0000000701600000,0x0000000706d8c410,0x0000000708780000)
 Metaspace       used 54853K, capacity 55558K, committed 55848K, reserved 1097728K
  class space    used 7263K, capacity 7417K, committed 7464K, reserved 1048576K
}
Event: 35.833 GC heap before
{Heap before GC invocations=22 (full 5):
 PSYoungGen      total 842752K, used 22510K [0x0000000780780000, 0x00000007bb480000, 0x00000007c0000000)
  eden space 820224K, 0% used [0x0000000780780000,0x0000000780780000,0x00000007b2880000)
  from space 22528K, 99% used [0x00000007b2880000,0x00000007b3e7ba58,0x00000007b3e80000)
  to   space 53248K, 0% used [0x00000007b8080000,0x00000007b8080000,0x00000007bb480000)
 ParOldGen       total 116224K, used 89649K [0x0000000701600000, 0x0000000708780000, 0x0000000780780000)
  object space 116224K, 77% used [0x0000000701600000,0x0000000706d8c410,0x0000000708780000)
 Metaspace       used 54853K, capacity 55558K, committed 55848K, reserved 1097728K
  class space    used 7263K, capacity 7417K, committed 7464K, reserved 1048576K
Event: 35.941 GC heap after
Heap after GC invocations=22 (full 5):
 PSYoungGen      total 842752K, used 0K [0x0000000780780000, 0x00000007bb480000, 0x00000007c0000000)
  eden space 820224K, 0% used [0x0000000780780000,0x0000000780780000,0x00000007b2880000)
  from space 22528K, 0% used [0x00000007b2880000,0x00000007b2880000,0x00000007b3e80000)
  to   space 53248K, 0% used [0x00000007b8080000,0x00000007b8080000,0x00000007bb480000)
 ParOldGen       total 116224K, used 71507K [0x0000000701600000, 0x0000000708780000, 0x0000000780780000)
  object space 116224K, 61% used [0x0000000701600000,0x0000000705bd4f28,0x0000000708780000)
 Metaspace       used 54853K, capacity 55558K, committed 55848K, reserved 1097728K
  class space    used 7263K, capacity 7417K, committed 7464K, reserved 1048576K
}

